2024-01-23 12:30:56,258 - INFO - Password for derouchie added
2024-01-23 12:30:56,258 - INFO - generiere Passwort
2024-01-23 12:30:56,258 - INFO - Erstelle doutt
2024-01-23 12:30:56,258 - INFO - Lösche: doutt
2024-01-23 12:30:56,258 - INFO - Password for doutt added
2024-01-23 12:30:56,258 - INFO - generiere Passwort
2024-01-23 12:30:56,258 - INFO - Erstelle munley
2024-01-23 12:30:56,258 - INFO - Lösche: munley
2024-01-23 12:30:56,259 - INFO - Password for munley added
2024-01-23 12:30:56,259 - INFO - generiere Passwort
2024-01-23 12:30:56,259 - INFO - Erstelle dornbos
2024-01-23 12:30:56,259 - INFO - Lösche: dornbos
2024-01-23 12:30:56,259 - INFO - Password for dornbos added
2024-01-23 12:30:56,259 - INFO - generiere Passwort
2024-01-23 12:30:56,259 - INFO - Erstelle mahala
2024-01-23 12:30:56,259 - INFO - Lösche: mahala
2024-01-23 12:30:56,259 - INFO - Password for mahala added
2024-01-23 12:30:56,259 - INFO - generiere Passwort
2024-01-23 12:30:56,259 - INFO - Erstelle ellingwood
2024-01-23 12:30:56,259 - INFO - Lösche: ellingwood
2024-01-23 12:30:56,259 - INFO - Password for ellingwood added
2024-01-23 12:30:56,259 - INFO - generiere Passwort
2024-01-23 12:30:56,259 - INFO - Erstelle de_cardinalli-sciola
2024-01-23 12:30:56,259 - INFO - Lösche: de_cardinalli-sciola
2024-01-23 12:30:56,259 - INFO - Password for de_cardinalli-sciola added
2024-01-23 12:30:56,260 - INFO - generiere Passwort
2024-01-23 12:30:56,260 - INFO - Erstelle gundry
2024-01-23 12:30:56,260 - INFO - Lösche: gundry
2024-01-23 12:30:56,260 - INFO - Password for gundry added
2024-01-23 12:30:56,260 - INFO - generiere Passwort
2024-01-23 12:30:56,260 - INFO - Erstelle pinedo
2024-01-23 12:30:56,260 - INFO - Lösche: pinedo
2024-01-23 12:30:56,260 - INFO - Password for pinedo added
2024-01-23 12:30:56,260 - INFO - generiere Passwort
2024-01-23 12:30:56,260 - INFO - Erstelle faivre
2024-01-23 12:30:56,260 - INFO - Lösche: faivre
2024-01-23 12:30:56,260 - INFO - Password for faivre added
2024-01-23 12:30:56,260 - INFO - generiere Passwort
2024-01-23 12:30:56,260 - INFO - Erstelle pinsky
2024-01-23 12:30:56,260 - INFO - Lösche: pinsky
2024-01-23 12:30:56,260 - INFO - Password for pinsky added
2024-01-23 12:30:56,260 - INFO - generiere Passwort
2024-01-23 12:30:56,260 - INFO - Erstelle 1pinsky
2024-01-23 12:30:56,261 - INFO - Lösche: 1pinsky
2024-01-23 12:30:56,261 - INFO - Password for 1pinsky added
2024-01-23 12:30:56,261 - INFO - generiere Passwort
2024-01-23 12:30:56,261 - INFO - Erstelle 2pinsky
2024-01-23 12:30:56,261 - INFO - Lösche: 2pinsky
2024-01-23 12:30:56,261 - INFO - Password for 2pinsky added
2024-01-23 12:30:56,261 - INFO - generiere Passwort
2024-01-23 12:30:56,261 - INFO - Erstelle 3pinsky
2024-01-23 12:30:56,261 - INFO - Lösche: 3pinsky
2024-01-23 12:30:56,261 - INFO - Password for 3pinsky added
2024-01-23 12:30:56,261 - INFO - generiere Passwort
2024-01-23 12:30:56,261 - INFO - Erstelle norlien
2024-01-23 12:30:56,261 - INFO - Lösche: norlien
2024-01-23 12:30:56,261 - INFO - Password for norlien added
2024-01-23 12:30:56,261 - INFO - generiere Passwort
2024-01-23 12:30:56,261 - INFO - Erstelle preato
2024-01-23 12:30:56,261 - INFO - Lösche: preato
2024-01-23 12:30:56,262 - INFO - Password for preato added
2024-01-23 12:30:56,262 - INFO - pwd speichern
2024-01-23 12:30:56,275 - INFO - Alles erstellt
